[20-Mar-2021 20:36:48 Europe/Kiev] PHP Fatal error:  Uncaught Error: Class "Admin\DashboardController" not found in C:\xampp\htdocs\spider.com\core\Router.php:23
Stack trace:
#0 C:\xampp\htdocs\spider.com\bootstrap\app.php(55): require_once()
#1 C:\xampp\htdocs\spider.com\public\index.php(2): require_once('C:\\xampp\\htdocs...')
#2 {main}
  thrown in C:\xampp\htdocs\spider.com\core\Router.php on line 23
[21-Mar-2021 12:43:55 Europe/Kiev] PHP Fatal error:  Uncaught Error: Call to undefined function render() in C:\xampp\htdocs\spider.com\app\Controllers\Admin\CategoryController.php:9
Stack trace:
#0 C:\xampp\htdocs\spider.com\core\Router.php(32): CategoryController->index()
#1 C:\xampp\htdocs\spider.com\core\Router.php(40): initController('C:\\xampp\\htdocs...', Object(CategoryController), 'index')
#2 C:\xampp\htdocs\spider.com\core\App.php(32): require_once('C:\\xampp\\htdocs...')
#3 C:\xampp\htdocs\spider.com\bootstrap\app.php(47): App->run()
#4 C:\xampp\htdocs\spider.com\public\index.php(2): require_once('C:\\xampp\\htdocs...')
#5 {main}
  thrown in C:\xampp\htdocs\spider.com\app\Controllers\Admin\CategoryController.php on line 9
[21-Mar-2021 13:11:04 Europe/Kiev] PHP Fatal error:  Uncaught Error: Call to undefined function render() in C:\xampp\htdocs\spider.com\app\Controllers\HomeController.php:11
Stack trace:
#0 C:\xampp\htdocs\spider.com\core\Router.php(32): HomeController->index()
#1 C:\xampp\htdocs\spider.com\core\Router.php(40): initController('C:\\xampp\\htdocs...', Object(HomeController), 'index')
#2 C:\xampp\htdocs\spider.com\core\App.php(40): require_once('C:\\xampp\\htdocs...')
#3 C:\xampp\htdocs\spider.com\bootstrap\app.php(47): App->run()
#4 C:\xampp\htdocs\spider.com\public\index.php(2): require_once('C:\\xampp\\htdocs...')
#5 {main}
  thrown in C:\xampp\htdocs\spider.com\app\Controllers\HomeController.php on line 11
[21-Mar-2021 13:12:17 Europe/Kiev] PHP Fatal error:  Uncaught Error: Call to a member function render() on null in C:\xampp\htdocs\spider.com\app\Controllers\HomeController.php:12
Stack trace:
#0 C:\xampp\htdocs\spider.com\core\Router.php(32): HomeController->index()
#1 C:\xampp\htdocs\spider.com\core\Router.php(40): initController('C:\\xampp\\htdocs...', Object(HomeController), 'index')
#2 C:\xampp\htdocs\spider.com\core\App.php(40): require_once('C:\\xampp\\htdocs...')
#3 C:\xampp\htdocs\spider.com\bootstrap\app.php(47): App->run()
#4 C:\xampp\htdocs\spider.com\public\index.php(2): require_once('C:\\xampp\\htdocs...')
#5 {main}
  thrown in C:\xampp\htdocs\spider.com\app\Controllers\HomeController.php on line 12
[21-Mar-2021 13:12:21 Europe/Kiev] PHP Fatal error:  Uncaught Error: Call to a member function render() on null in C:\xampp\htdocs\spider.com\app\Controllers\HomeController.php:12
Stack trace:
#0 C:\xampp\htdocs\spider.com\core\Router.php(32): HomeController->index()
#1 C:\xampp\htdocs\spider.com\core\Router.php(40): initController('C:\\xampp\\htdocs...', Object(HomeController), 'index')
#2 C:\xampp\htdocs\spider.com\core\App.php(40): require_once('C:\\xampp\\htdocs...')
#3 C:\xampp\htdocs\spider.com\bootstrap\app.php(47): App->run()
#4 C:\xampp\htdocs\spider.com\public\index.php(2): require_once('C:\\xampp\\htdocs...')
#5 {main}
  thrown in C:\xampp\htdocs\spider.com\app\Controllers\HomeController.php on line 12
[21-Mar-2021 13:12:30 Europe/Kiev] PHP Fatal error:  Uncaught Error: Call to undefined function render() in C:\xampp\htdocs\spider.com\app\Controllers\ErrorController.php:9
Stack trace:
#0 C:\xampp\htdocs\spider.com\core\Router.php(46): include_once()
#1 C:\xampp\htdocs\spider.com\core\App.php(40): require_once('C:\\xampp\\htdocs...')
#2 C:\xampp\htdocs\spider.com\bootstrap\app.php(47): App->run()
#3 C:\xampp\htdocs\spider.com\public\index.php(2): require_once('C:\\xampp\\htdocs...')
#4 {main}
  thrown in C:\xampp\htdocs\spider.com\app\Controllers\ErrorController.php on line 9
[21-Mar-2021 13:12:31 Europe/Kiev] PHP Fatal error:  Uncaught Error: Call to undefined function render() in C:\xampp\htdocs\spider.com\app\Controllers\ErrorController.php:9
Stack trace:
#0 C:\xampp\htdocs\spider.com\core\Router.php(46): include_once()
#1 C:\xampp\htdocs\spider.com\core\App.php(40): require_once('C:\\xampp\\htdocs...')
#2 C:\xampp\htdocs\spider.com\bootstrap\app.php(47): App->run()
#3 C:\xampp\htdocs\spider.com\public\index.php(2): require_once('C:\\xampp\\htdocs...')
#4 {main}
  thrown in C:\xampp\htdocs\spider.com\app\Controllers\ErrorController.php on line 9
[21-Mar-2021 13:12:31 Europe/Kiev] PHP Fatal error:  Uncaught Error: Call to undefined function render() in C:\xampp\htdocs\spider.com\app\Controllers\ErrorController.php:9
Stack trace:
#0 C:\xampp\htdocs\spider.com\core\Router.php(46): include_once()
#1 C:\xampp\htdocs\spider.com\core\App.php(40): require_once('C:\\xampp\\htdocs...')
#2 C:\xampp\htdocs\spider.com\bootstrap\app.php(47): App->run()
#3 C:\xampp\htdocs\spider.com\public\index.php(2): require_once('C:\\xampp\\htdocs...')
#4 {main}
  thrown in C:\xampp\htdocs\spider.com\app\Controllers\ErrorController.php on line 9
[22-Mar-2021 11:24:28 Europe/Kiev] PHP Warning:  Undefined array key "DB_HOST" in C:\xampp\htdocs\spider.com\app\Controllers\ContactsController.php on line 18
[22-Mar-2021 11:24:28 Europe/Kiev] PHP Warning:  Undefined array key "DB_USERNAME" in C:\xampp\htdocs\spider.com\app\Controllers\ContactsController.php on line 19
[22-Mar-2021 11:24:28 Europe/Kiev] PHP Warning:  Undefined array key "DB_PASSWORD" in C:\xampp\htdocs\spider.com\app\Controllers\ContactsController.php on line 19
[22-Mar-2021 11:24:28 Europe/Kiev] PHP Warning:  Undefined array key "DB_NAME" in C:\xampp\htdocs\spider.com\app\Controllers\ContactsController.php on line 20
[22-Mar-2021 11:24:28 Europe/Kiev] PHP Warning:  mysqli_connect(): (HY000/1045): Access denied for user ''@'localhost' (using password: NO) in C:\xampp\htdocs\spider.com\app\Controllers\ContactsController.php on line 20
[22-Mar-2021 11:24:28 Europe/Kiev] PHP Fatal error:  Uncaught TypeError: mysqli_query(): Argument #1 ($mysql) must be of type mysqli, bool given in C:\xampp\htdocs\spider.com\app\Controllers\ContactsController.php:38
Stack trace:
#0 C:\xampp\htdocs\spider.com\app\Controllers\ContactsController.php(38): mysqli_query(false, 'SELECT * FROM g...')
#1 C:\xampp\htdocs\spider.com\core\Router.php(27): include_once('C:\\xampp\\htdocs...')
#2 C:\xampp\htdocs\spider.com\core\Router.php(36): Router->init('C:\\xampp\\htdocs...', 'ContactsControl...', 'index')
#3 C:\xampp\htdocs\spider.com\core\App.php(42): Router->run()
#4 C:\xampp\htdocs\spider.com\bootstrap\app.php(21): App->run()
#5 C:\xampp\htdocs\spider.com\public\index.php(2): require_once('C:\\xampp\\htdocs...')
#6 {main}
  thrown in C:\xampp\htdocs\spider.com\app\Controllers\ContactsController.php on line 38
[22-Mar-2021 11:28:18 Europe/Kiev] PHP Warning:  Undefined array key "DB_HOST" in C:\xampp\htdocs\spider.com\app\Controllers\ContactsController.php on line 18
[22-Mar-2021 11:28:18 Europe/Kiev] PHP Warning:  Undefined array key "DB_USERNAME" in C:\xampp\htdocs\spider.com\app\Controllers\ContactsController.php on line 19
[22-Mar-2021 11:28:18 Europe/Kiev] PHP Warning:  Undefined array key "DB_PASSWORD" in C:\xampp\htdocs\spider.com\app\Controllers\ContactsController.php on line 19
[22-Mar-2021 11:28:18 Europe/Kiev] PHP Warning:  Undefined array key "DB_NAME" in C:\xampp\htdocs\spider.com\app\Controllers\ContactsController.php on line 20
[22-Mar-2021 11:28:18 Europe/Kiev] PHP Warning:  mysqli_connect(): (HY000/1045): Access denied for user ''@'localhost' (using password: NO) in C:\xampp\htdocs\spider.com\app\Controllers\ContactsController.php on line 20
[22-Mar-2021 11:28:18 Europe/Kiev] PHP Fatal error:  Uncaught TypeError: mysqli_query(): Argument #1 ($mysql) must be of type mysqli, bool given in C:\xampp\htdocs\spider.com\app\Controllers\ContactsController.php:38
Stack trace:
#0 C:\xampp\htdocs\spider.com\app\Controllers\ContactsController.php(38): mysqli_query(false, 'SELECT * FROM g...')
#1 C:\xampp\htdocs\spider.com\core\Router.php(26): include_once('C:\\xampp\\htdocs...')
#2 C:\xampp\htdocs\spider.com\core\Router.php(35): Router->init('C:\\xampp\\htdocs...', 'ContactsControl...', 'index')
#3 C:\xampp\htdocs\spider.com\core\App.php(42): Router->run()
#4 C:\xampp\htdocs\spider.com\bootstrap\app.php(21): App->run()
#5 C:\xampp\htdocs\spider.com\public\index.php(2): require_once('C:\\xampp\\htdocs...')
#6 {main}
  thrown in C:\xampp\htdocs\spider.com\app\Controllers\ContactsController.php on line 38
[22-Mar-2021 11:50:34 Europe/Kiev] PHP Warning:  Undefined array key "DB_HOST" in C:\xampp\htdocs\spider.com\app\Controllers\ContactsController.php on line 18
[22-Mar-2021 11:50:34 Europe/Kiev] PHP Warning:  Undefined array key "DB_USERNAME" in C:\xampp\htdocs\spider.com\app\Controllers\ContactsController.php on line 18
[22-Mar-2021 11:50:34 Europe/Kiev] PHP Warning:  Undefined array key "DB_PASSWORD" in C:\xampp\htdocs\spider.com\app\Controllers\ContactsController.php on line 18
[22-Mar-2021 11:50:34 Europe/Kiev] PHP Warning:  Undefined array key "DB_NAME" in C:\xampp\htdocs\spider.com\app\Controllers\ContactsController.php on line 18
[22-Mar-2021 11:50:35 Europe/Kiev] PHP Warning:  mysqli_connect(): (HY000/1045): Access denied for user ''@'localhost' (using password: NO) in C:\xampp\htdocs\spider.com\app\Controllers\ContactsController.php on line 18
[22-Mar-2021 11:50:35 Europe/Kiev] PHP Fatal error:  Uncaught TypeError: mysqli_query(): Argument #1 ($mysql) must be of type mysqli, bool given in C:\xampp\htdocs\spider.com\app\Controllers\ContactsController.php:38
Stack trace:
#0 C:\xampp\htdocs\spider.com\app\Controllers\ContactsController.php(38): mysqli_query(false, 'SELECT * FROM g...')
#1 C:\xampp\htdocs\spider.com\core\Router.php(26): include_once('C:\\xampp\\htdocs...')
#2 C:\xampp\htdocs\spider.com\core\Router.php(35): Router->init('C:\\xampp\\htdocs...', 'ContactsControl...', 'index')
#3 C:\xampp\htdocs\spider.com\core\App.php(42): Router->run()
#4 C:\xampp\htdocs\spider.com\bootstrap\app.php(21): App->run()
#5 C:\xampp\htdocs\spider.com\public\index.php(2): require_once('C:\\xampp\\htdocs...')
#6 {main}
  thrown in C:\xampp\htdocs\spider.com\app\Controllers\ContactsController.php on line 38
[22-Mar-2021 11:50:39 Europe/Kiev] PHP Warning:  Undefined array key "DB_HOST" in C:\xampp\htdocs\spider.com\app\Controllers\ContactsController.php on line 18
[22-Mar-2021 11:50:39 Europe/Kiev] PHP Warning:  Undefined array key "DB_USERNAME" in C:\xampp\htdocs\spider.com\app\Controllers\ContactsController.php on line 18
[22-Mar-2021 11:50:39 Europe/Kiev] PHP Warning:  Undefined array key "DB_PASSWORD" in C:\xampp\htdocs\spider.com\app\Controllers\ContactsController.php on line 18
[22-Mar-2021 11:50:39 Europe/Kiev] PHP Warning:  Undefined array key "DB_NAME" in C:\xampp\htdocs\spider.com\app\Controllers\ContactsController.php on line 18
[22-Mar-2021 11:50:39 Europe/Kiev] PHP Warning:  mysqli_connect(): (HY000/1045): Access denied for user ''@'localhost' (using password: NO) in C:\xampp\htdocs\spider.com\app\Controllers\ContactsController.php on line 18
[22-Mar-2021 11:50:39 Europe/Kiev] PHP Fatal error:  Uncaught TypeError: mysqli_query(): Argument #1 ($mysql) must be of type mysqli, bool given in C:\xampp\htdocs\spider.com\app\Controllers\ContactsController.php:38
Stack trace:
#0 C:\xampp\htdocs\spider.com\app\Controllers\ContactsController.php(38): mysqli_query(false, 'SELECT * FROM g...')
#1 C:\xampp\htdocs\spider.com\core\Router.php(26): include_once('C:\\xampp\\htdocs...')
#2 C:\xampp\htdocs\spider.com\core\Router.php(35): Router->init('C:\\xampp\\htdocs...', 'ContactsControl...', 'index')
#3 C:\xampp\htdocs\spider.com\core\App.php(42): Router->run()
#4 C:\xampp\htdocs\spider.com\bootstrap\app.php(21): App->run()
#5 C:\xampp\htdocs\spider.com\public\index.php(2): require_once('C:\\xampp\\htdocs...')
#6 {main}
  thrown in C:\xampp\htdocs\spider.com\app\Controllers\ContactsController.php on line 38
[22-Mar-2021 11:50:43 Europe/Kiev] PHP Warning:  Undefined array key "DB_HOST" in C:\xampp\htdocs\spider.com\app\Controllers\ContactsController.php on line 18
[22-Mar-2021 11:50:43 Europe/Kiev] PHP Warning:  Undefined array key "DB_USERNAME" in C:\xampp\htdocs\spider.com\app\Controllers\ContactsController.php on line 18
[22-Mar-2021 11:50:43 Europe/Kiev] PHP Warning:  Undefined array key "DB_PASSWORD" in C:\xampp\htdocs\spider.com\app\Controllers\ContactsController.php on line 18
[22-Mar-2021 11:50:43 Europe/Kiev] PHP Warning:  Undefined array key "DB_NAME" in C:\xampp\htdocs\spider.com\app\Controllers\ContactsController.php on line 18
[22-Mar-2021 11:50:43 Europe/Kiev] PHP Warning:  mysqli_connect(): (HY000/1045): Access denied for user ''@'localhost' (using password: NO) in C:\xampp\htdocs\spider.com\app\Controllers\ContactsController.php on line 18
[22-Mar-2021 11:50:43 Europe/Kiev] PHP Fatal error:  Uncaught TypeError: mysqli_query(): Argument #1 ($mysql) must be of type mysqli, bool given in C:\xampp\htdocs\spider.com\app\Controllers\ContactsController.php:38
Stack trace:
#0 C:\xampp\htdocs\spider.com\app\Controllers\ContactsController.php(38): mysqli_query(false, 'SELECT * FROM g...')
#1 C:\xampp\htdocs\spider.com\core\Router.php(26): include_once('C:\\xampp\\htdocs...')
#2 C:\xampp\htdocs\spider.com\core\Router.php(35): Router->init('C:\\xampp\\htdocs...', 'ContactsControl...', 'index')
#3 C:\xampp\htdocs\spider.com\core\App.php(42): Router->run()
#4 C:\xampp\htdocs\spider.com\bootstrap\app.php(21): App->run()
#5 C:\xampp\htdocs\spider.com\public\index.php(2): require_once('C:\\xampp\\htdocs...')
#6 {main}
  thrown in C:\xampp\htdocs\spider.com\app\Controllers\ContactsController.php on line 38
[22-Mar-2021 11:50:53 Europe/Kiev] PHP Warning:  Undefined array key "DB_HOST" in C:\xampp\htdocs\spider.com\app\Controllers\ContactsController.php on line 18
[22-Mar-2021 11:50:53 Europe/Kiev] PHP Warning:  Undefined array key "DB_USERNAME" in C:\xampp\htdocs\spider.com\app\Controllers\ContactsController.php on line 18
[22-Mar-2021 11:50:53 Europe/Kiev] PHP Warning:  Undefined array key "DB_PASSWORD" in C:\xampp\htdocs\spider.com\app\Controllers\ContactsController.php on line 18
[22-Mar-2021 11:50:53 Europe/Kiev] PHP Warning:  Undefined array key "DB_NAME" in C:\xampp\htdocs\spider.com\app\Controllers\ContactsController.php on line 18
[22-Mar-2021 11:50:53 Europe/Kiev] PHP Warning:  mysqli_connect(): (HY000/1045): Access denied for user ''@'localhost' (using password: NO) in C:\xampp\htdocs\spider.com\app\Controllers\ContactsController.php on line 18
[22-Mar-2021 11:50:53 Europe/Kiev] PHP Fatal error:  Uncaught TypeError: mysqli_query(): Argument #1 ($mysql) must be of type mysqli, bool given in C:\xampp\htdocs\spider.com\app\Controllers\ContactsController.php:38
Stack trace:
#0 C:\xampp\htdocs\spider.com\app\Controllers\ContactsController.php(38): mysqli_query(false, 'SELECT * FROM g...')
#1 C:\xampp\htdocs\spider.com\core\Router.php(26): include_once('C:\\xampp\\htdocs...')
#2 C:\xampp\htdocs\spider.com\core\Router.php(35): Router->init('C:\\xampp\\htdocs...', 'ContactsControl...', 'index')
#3 C:\xampp\htdocs\spider.com\core\App.php(42): Router->run()
#4 C:\xampp\htdocs\spider.com\bootstrap\app.php(21): App->run()
#5 C:\xampp\htdocs\spider.com\public\index.php(2): require_once('C:\\xampp\\htdocs...')
#6 {main}
  thrown in C:\xampp\htdocs\spider.com\app\Controllers\ContactsController.php on line 38
[22-Mar-2021 11:55:01 Europe/Kiev] PHP Warning:  file_get_contents(C:\xampp\htdocs\spider.com/config/contacts.json): Failed to open stream: No such file or directory in C:\xampp\htdocs\spider.com\bootstrap\app.php on line 14
[22-Mar-2021 11:55:01 Europe/Kiev] PHP Warning:  Undefined array key "DB_HOST" in C:\xampp\htdocs\spider.com\app\Controllers\ContactsController.php on line 46
[22-Mar-2021 11:55:01 Europe/Kiev] PHP Warning:  Undefined array key "DB_USERNAME" in C:\xampp\htdocs\spider.com\app\Controllers\ContactsController.php on line 46
[22-Mar-2021 11:55:01 Europe/Kiev] PHP Warning:  Undefined array key "DB_PASSWORD" in C:\xampp\htdocs\spider.com\app\Controllers\ContactsController.php on line 46
[22-Mar-2021 11:55:01 Europe/Kiev] PHP Warning:  Undefined array key "DB_NAME" in C:\xampp\htdocs\spider.com\app\Controllers\ContactsController.php on line 46
[22-Mar-2021 11:55:01 Europe/Kiev] PHP Warning:  mysqli_connect(): (HY000/1045): Access denied for user ''@'localhost' (using password: NO) in C:\xampp\htdocs\spider.com\app\Controllers\ContactsController.php on line 46
[22-Mar-2021 11:55:01 Europe/Kiev] PHP Fatal error:  Uncaught TypeError: mysqli_query(): Argument #1 ($mysql) must be of type mysqli, bool given in C:\xampp\htdocs\spider.com\app\Controllers\ContactsController.php:48
Stack trace:
#0 C:\xampp\htdocs\spider.com\app\Controllers\ContactsController.php(48): mysqli_query(false, 'SELECT * FROM g...')
#1 C:\xampp\htdocs\spider.com\core\Router.php(26): include_once('C:\\xampp\\htdocs...')
#2 C:\xampp\htdocs\spider.com\core\Router.php(35): Router->init('C:\\xampp\\htdocs...', 'ContactsControl...', 'index')
#3 C:\xampp\htdocs\spider.com\core\App.php(42): Router->run()
#4 C:\xampp\htdocs\spider.com\bootstrap\app.php(21): App->run()
#5 C:\xampp\htdocs\spider.com\public\index.php(2): require_once('C:\\xampp\\htdocs...')
#6 {main}

Next TypeError: mysqli_close(): Argument #1 ($mysql) must be of type mysqli, bool given in C:\xampp\htdocs\spider.com\app\Controllers\ContactsController.php:59
Stack trace:
#0 C:\xampp\htdocs\spider.com\app\Controllers\ContactsController.php(59): mysqli_close(false)
#1 C:\xampp\htdocs\spider.com\core\Router.php(26): include_once('C:\\xampp\\htdocs...')
#2 C:\xampp\htdocs\spider.com\core\Router.php(35): Router->init('C:\\xampp\\htdocs...', 'ContactsControl...', 'index')
#3 C:\xampp\htdocs\spider.com\core\App.php(42): Router->run()
#4 C:\xampp\htdocs\spider.com\bootstrap\app.php(21): App->run()
#5 C:\xampp\htdocs\spider.com\public\index.php(2): require_once('C:\\xampp\\htdocs...')
#6 {main}
  thrown in C:\xampp\htdocs\spider.com\app\Controllers\ContactsController.php on line 59
[22-Mar-2021 11:55:03 Europe/Kiev] PHP Warning:  file_get_contents(C:\xampp\htdocs\spider.com/config/contacts.json): Failed to open stream: No such file or directory in C:\xampp\htdocs\spider.com\bootstrap\app.php on line 14
[22-Mar-2021 11:55:03 Europe/Kiev] PHP Warning:  Undefined array key "DB_HOST" in C:\xampp\htdocs\spider.com\app\Controllers\ContactsController.php on line 46
[22-Mar-2021 11:55:03 Europe/Kiev] PHP Warning:  Undefined array key "DB_USERNAME" in C:\xampp\htdocs\spider.com\app\Controllers\ContactsController.php on line 46
[22-Mar-2021 11:55:03 Europe/Kiev] PHP Warning:  Undefined array key "DB_PASSWORD" in C:\xampp\htdocs\spider.com\app\Controllers\ContactsController.php on line 46
[22-Mar-2021 11:55:03 Europe/Kiev] PHP Warning:  Undefined array key "DB_NAME" in C:\xampp\htdocs\spider.com\app\Controllers\ContactsController.php on line 46
[22-Mar-2021 11:55:03 Europe/Kiev] PHP Warning:  mysqli_connect(): (HY000/1045): Access denied for user ''@'localhost' (using password: NO) in C:\xampp\htdocs\spider.com\app\Controllers\ContactsController.php on line 46
[22-Mar-2021 11:55:03 Europe/Kiev] PHP Fatal error:  Uncaught TypeError: mysqli_query(): Argument #1 ($mysql) must be of type mysqli, bool given in C:\xampp\htdocs\spider.com\app\Controllers\ContactsController.php:48
Stack trace:
#0 C:\xampp\htdocs\spider.com\app\Controllers\ContactsController.php(48): mysqli_query(false, 'SELECT * FROM g...')
#1 C:\xampp\htdocs\spider.com\core\Router.php(26): include_once('C:\\xampp\\htdocs...')
#2 C:\xampp\htdocs\spider.com\core\Router.php(35): Router->init('C:\\xampp\\htdocs...', 'ContactsControl...', 'index')
#3 C:\xampp\htdocs\spider.com\core\App.php(42): Router->run()
#4 C:\xampp\htdocs\spider.com\bootstrap\app.php(21): App->run()
#5 C:\xampp\htdocs\spider.com\public\index.php(2): require_once('C:\\xampp\\htdocs...')
#6 {main}

Next TypeError: mysqli_close(): Argument #1 ($mysql) must be of type mysqli, bool given in C:\xampp\htdocs\spider.com\app\Controllers\ContactsController.php:59
Stack trace:
#0 C:\xampp\htdocs\spider.com\app\Controllers\ContactsController.php(59): mysqli_close(false)
#1 C:\xampp\htdocs\spider.com\core\Router.php(26): include_once('C:\\xampp\\htdocs...')
#2 C:\xampp\htdocs\spider.com\core\Router.php(35): Router->init('C:\\xampp\\htdocs...', 'ContactsControl...', 'index')
#3 C:\xampp\htdocs\spider.com\core\App.php(42): Router->run()
#4 C:\xampp\htdocs\spider.com\bootstrap\app.php(21): App->run()
#5 C:\xampp\htdocs\spider.com\public\index.php(2): require_once('C:\\xampp\\htdocs...')
#6 {main}
  thrown in C:\xampp\htdocs\spider.com\app\Controllers\ContactsController.php on line 59
[22-Mar-2021 15:17:13 Europe/Kiev] PHP Fatal error:  Uncaught Error: Call to undefined method CategoryController::delete() in C:\xampp\htdocs\spider.com\core\Router.php:30
Stack trace:
#0 C:\xampp\htdocs\spider.com\core\Router.php(43): Router->init('C:\\xampp\\htdocs...', Object(CategoryController), 'delete', Array)
#1 C:\xampp\htdocs\spider.com\core\App.php(42): Router->run()
#2 C:\xampp\htdocs\spider.com\bootstrap\app.php(21): App->run()
#3 C:\xampp\htdocs\spider.com\public\index.php(2): require_once('C:\\xampp\\htdocs...')
#4 {main}
  thrown in C:\xampp\htdocs\spider.com\core\Router.php on line 30
[22-Mar-2021 15:18:31 Europe/Kiev] PHP Fatal error:  Uncaught TypeError: Connection::__construct(): Argument #1 ($config) must be of type array, bool given, called in C:\xampp\htdocs\spider.com\app\Models\Category.php on line 10 and defined in C:\xampp\htdocs\spider.com\core\Connection.php:7
Stack trace:
#0 C:\xampp\htdocs\spider.com\app\Models\Category.php(10): Connection->__construct(true)
#1 C:\xampp\htdocs\spider.com\app\Controllers\Admin\CategoryController.php(60): Category->__construct()
#2 C:\xampp\htdocs\spider.com\core\Router.php(30): CategoryController->destroy(Array)
#3 C:\xampp\htdocs\spider.com\core\Router.php(43): Router->init('C:\\xampp\\htdocs...', Object(CategoryController), 'destroy', Array)
#4 C:\xampp\htdocs\spider.com\core\App.php(42): Router->run()
#5 C:\xampp\htdocs\spider.com\bootstrap\app.php(21): App->run()
#6 C:\xampp\htdocs\spider.com\public\index.php(2): require_once('C:\\xampp\\htdocs...')
#7 {main}
  thrown in C:\xampp\htdocs\spider.com\core\Connection.php on line 7
[22-Mar-2021 15:18:35 Europe/Kiev] PHP Fatal error:  Uncaught TypeError: Connection::__construct(): Argument #1 ($config) must be of type array, bool given, called in C:\xampp\htdocs\spider.com\app\Models\Category.php on line 10 and defined in C:\xampp\htdocs\spider.com\core\Connection.php:7
Stack trace:
#0 C:\xampp\htdocs\spider.com\app\Models\Category.php(10): Connection->__construct(true)
#1 C:\xampp\htdocs\spider.com\app\Controllers\Admin\CategoryController.php(60): Category->__construct()
#2 C:\xampp\htdocs\spider.com\core\Router.php(30): CategoryController->destroy(Array)
#3 C:\xampp\htdocs\spider.com\core\Router.php(43): Router->init('C:\\xampp\\htdocs...', Object(CategoryController), 'destroy', Array)
#4 C:\xampp\htdocs\spider.com\core\App.php(42): Router->run()
#5 C:\xampp\htdocs\spider.com\bootstrap\app.php(21): App->run()
#6 C:\xampp\htdocs\spider.com\public\index.php(2): require_once('C:\\xampp\\htdocs...')
#7 {main}
  thrown in C:\xampp\htdocs\spider.com\core\Connection.php on line 7
[22-Mar-2021 15:18:47 Europe/Kiev] PHP Fatal error:  Uncaught TypeError: Connection::__construct(): Argument #1 ($config) must be of type array, bool given, called in C:\xampp\htdocs\spider.com\app\Models\Category.php on line 10 and defined in C:\xampp\htdocs\spider.com\core\Connection.php:7
Stack trace:
#0 C:\xampp\htdocs\spider.com\app\Models\Category.php(10): Connection->__construct(true)
#1 C:\xampp\htdocs\spider.com\app\Controllers\Admin\CategoryController.php(60): Category->__construct()
#2 C:\xampp\htdocs\spider.com\core\Router.php(30): CategoryController->destroy(Array)
#3 C:\xampp\htdocs\spider.com\core\Router.php(43): Router->init('C:\\xampp\\htdocs...', Object(CategoryController), 'destroy', Array)
#4 C:\xampp\htdocs\spider.com\core\App.php(42): Router->run()
#5 C:\xampp\htdocs\spider.com\bootstrap\app.php(21): App->run()
#6 C:\xampp\htdocs\spider.com\public\index.php(2): require_once('C:\\xampp\\htdocs...')
#7 {main}
  thrown in C:\xampp\htdocs\spider.com\core\Connection.php on line 7
[22-Mar-2021 15:20:27 Europe/Kiev] PHP Warning:  Undefined array key "status" in C:\xampp\htdocs\spider.com\app\Controllers\Admin\CategoryController.php on line 22
[22-Mar-2021 15:28:53 Europe/Kiev] PHP Fatal error:  Uncaught TypeError: Connection::__construct(): Argument #1 ($config) must be of type array, bool given, called in C:\xampp\htdocs\spider.com\app\Models\Category.php on line 10 and defined in C:\xampp\htdocs\spider.com\core\Connection.php:7
Stack trace:
#0 C:\xampp\htdocs\spider.com\app\Models\Category.php(10): Connection->__construct(true)
#1 C:\xampp\htdocs\spider.com\app\Controllers\Admin\CategoryController.php(60): Category->__construct()
#2 C:\xampp\htdocs\spider.com\core\Router.php(30): CategoryController->destroy(Array)
#3 C:\xampp\htdocs\spider.com\core\Router.php(43): Router->init('C:\\xampp\\htdocs...', Object(CategoryController), 'destroy', Array)
#4 C:\xampp\htdocs\spider.com\core\App.php(42): Router->run()
#5 C:\xampp\htdocs\spider.com\bootstrap\app.php(21): App->run()
#6 C:\xampp\htdocs\spider.com\public\index.php(2): require_once('C:\\xampp\\htdocs...')
#7 {main}
  thrown in C:\xampp\htdocs\spider.com\core\Connection.php on line 7
[22-Mar-2021 15:30:08 Europe/Kiev] PHP Fatal error:  Uncaught TypeError: Connection::__construct(): Argument #1 ($config) must be of type array, bool given, called in C:\xampp\htdocs\spider.com\app\Models\Category.php on line 10 and defined in C:\xampp\htdocs\spider.com\core\Connection.php:7
Stack trace:
#0 C:\xampp\htdocs\spider.com\app\Models\Category.php(10): Connection->__construct(true)
#1 C:\xampp\htdocs\spider.com\app\Controllers\Admin\CategoryController.php(60): Category->__construct()
#2 C:\xampp\htdocs\spider.com\core\Router.php(30): CategoryController->destroy(Array)
#3 C:\xampp\htdocs\spider.com\core\Router.php(43): Router->init('C:\\xampp\\htdocs...', Object(CategoryController), 'destroy', Array)
#4 C:\xampp\htdocs\spider.com\core\App.php(42): Router->run()
#5 C:\xampp\htdocs\spider.com\bootstrap\app.php(21): App->run()
#6 C:\xampp\htdocs\spider.com\public\index.php(2): require_once('C:\\xampp\\htdocs...')
#7 {main}
  thrown in C:\xampp\htdocs\spider.com\core\Connection.php on line 7
[22-Mar-2021 15:32:00 Europe/Kiev] PHP Warning:  Undefined array key "status" in C:\xampp\htdocs\spider.com\app\Controllers\Admin\CategoryController.php on line 22
[22-Mar-2021 15:32:23 Europe/Kiev] PHP Warning:  Undefined array key "status" in C:\xampp\htdocs\spider.com\app\Controllers\Admin\CategoryController.php on line 22
[22-Mar-2021 15:36:37 Europe/Kiev] PHP Fatal error:  Uncaught TypeError: Connection::__construct(): Argument #1 ($config) must be of type array, bool given, called in C:\xampp\htdocs\spider.com\app\Models\Category.php on line 10 and defined in C:\xampp\htdocs\spider.com\core\Connection.php:7
Stack trace:
#0 C:\xampp\htdocs\spider.com\app\Models\Category.php(10): Connection->__construct(true)
#1 C:\xampp\htdocs\spider.com\app\Controllers\Admin\CategoryController.php(60): Category->__construct()
#2 C:\xampp\htdocs\spider.com\core\Router.php(30): CategoryController->destroy(Array)
#3 C:\xampp\htdocs\spider.com\core\Router.php(43): Router->init('C:\\xampp\\htdocs...', Object(CategoryController), 'destroy', Array)
#4 C:\xampp\htdocs\spider.com\core\App.php(42): Router->run()
#5 C:\xampp\htdocs\spider.com\bootstrap\app.php(21): App->run()
#6 C:\xampp\htdocs\spider.com\public\index.php(2): require_once('C:\\xampp\\htdocs...')
#7 {main}
  thrown in C:\xampp\htdocs\spider.com\core\Connection.php on line 7
[22-Mar-2021 15:36:48 Europe/Kiev] PHP Warning:  Undefined array key "status" in C:\xampp\htdocs\spider.com\app\Controllers\Admin\CategoryController.php on line 45
[31-Mar-2021 19:57:45 Europe/Kiev] PHP Fatal error:  Uncaught TypeError: Connection::__construct(): Argument #1 ($config) must be of type array, bool given, called in C:\xampp\htdocs\project.com\app\Models\Category.php on line 10 and defined in C:\xampp\htdocs\project.com\core\Connection.php:7
Stack trace:
#0 C:\xampp\htdocs\project.com\app\Models\Category.php(10): Connection->__construct(true)
#1 C:\xampp\htdocs\project.com\app\Controllers\Admin\CategoryController.php(60): Category->__construct()
#2 C:\xampp\htdocs\project.com\core\Router.php(30): CategoryController->destroy(Array)
#3 C:\xampp\htdocs\project.com\core\Router.php(43): Router->init('C:\\xampp\\htdocs...', Object(CategoryController), 'destroy', Array)
#4 C:\xampp\htdocs\project.com\core\App.php(42): Router->run()
#5 C:\xampp\htdocs\project.com\bootstrap\app.php(21): App->run()
#6 C:\xampp\htdocs\project.com\public\index.php(2): require_once('C:\\xampp\\htdocs...')
#7 {main}
  thrown in C:\xampp\htdocs\project.com\core\Connection.php on line 7
[31-Mar-2021 20:51:10 Europe/Kiev] PHP Warning:  Attempt to read property "name" on bool in C:\xampp\htdocs\project.com\app\Views\admin\categories\show.php on line 11
[31-Mar-2021 20:51:10 Europe/Kiev] PHP Warning:  Attempt to read property "status" on bool in C:\xampp\htdocs\project.com\app\Views\admin\categories\show.php on line 16
[02-Apr-2021 16:50:01 Europe/Kiev] PHP Fatal error:  Uncaught Error: Class "ConfigController" not found in C:\xampp\htdocs\project.com\core\Router.php:27
Stack trace:
#0 C:\xampp\htdocs\project.com\core\Router.php(35): Router->init('C:\\xampp\\htdocs...', 'ConfigControlle...', 'index')
#1 C:\xampp\htdocs\project.com\core\App.php(42): Router->run()
#2 C:\xampp\htdocs\project.com\bootstrap\app.php(21): App->run()
#3 C:\xampp\htdocs\project.com\public\index.php(2): require_once('C:\\xampp\\htdocs...')
#4 {main}
  thrown in C:\xampp\htdocs\project.com\core\Router.php on line 27
[02-Apr-2021 16:50:27 Europe/Kiev] PHP Fatal error:  Uncaught TypeError: Connection::__construct(): Argument #1 ($config) must be of type array, bool given, called in C:\xampp\htdocs\project.com\app\Models\Category.php on line 10 and defined in C:\xampp\htdocs\project.com\core\Connection.php:7
Stack trace:
#0 C:\xampp\htdocs\project.com\app\Models\Category.php(10): Connection->__construct(true)
#1 C:\xampp\htdocs\project.com\app\Controllers\Admin\CategoryController.php(60): Category->__construct()
#2 C:\xampp\htdocs\project.com\core\Router.php(30): CategoryController->destroy(Array)
#3 C:\xampp\htdocs\project.com\core\Router.php(43): Router->init('C:\\xampp\\htdocs...', Object(CategoryController), 'destroy', Array)
#4 C:\xampp\htdocs\project.com\core\App.php(42): Router->run()
#5 C:\xampp\htdocs\project.com\bootstrap\app.php(21): App->run()
#6 C:\xampp\htdocs\project.com\public\index.php(2): require_once('C:\\xampp\\htdocs...')
#7 {main}
  thrown in C:\xampp\htdocs\project.com\core\Connection.php on line 7
